asim +access +rw  $UVMSIM +UVM_VERBOSITY=UVM_FULL
# ELBREAD: Elaboration process.
# ELBREAD: Warning: Module 'sva_if' does not have a `timescale directive, but previous modules do.
# ELBREAD: Warning: Package 'uvm_pkg' does not have a `timescale directive, but previous modules do.
# ELBREAD: Warning: Package 'vw_go2uvm_pkg' does not have a `timescale directive, but previous modules do.
# ELBREAD: Warning: Package 'std' does not have a `timescale directive, but previous modules do.
# ELBREAD: Elaboration time 1.4 [s].
# KERNEL: Main thread initiated.
# KERNEL: Kernel process initialization phase.
# KERNEL: Time resolution set to 100ps.
# ELAB2: Elaboration final pass...
# KERNEL: PLI/VHPI kernel's engine initialization done.
# PLI: Loading library '/home/student/tools/eda/RVRA_2015.02/bin/libsystf.so'
# KERNEL: Info: Loading library:  /home/student/tools/eda/RVRA_2015.02/bin/uvm_1_1d_dpi
# ELAB2: Create instances ...
# ELAB2: Create instances complete.
# SLP: Started
# SLP: Elaboration phase ...
# SLP: Elaboration phase ... done : 0.2 [s]
# SLP: Generation phase ...
# SLP: Generation phase ... done : 0.3 [s]
# SLP: Finished : 0.5 [s]
# SLP: 0 primitives and 3 (37.50%) other processes in SLP
# SLP: 7 (0.03%) signals in SLP and 22 (0.08%) interface signals
# ELAB2: Elaboration final pass complete - time: 4.6 [s].
# KERNEL: SLP loading done - time: 0.0 [s].
# KERNEL: SLP simulation initialization done - time: 0.0 [s].
# KERNEL: Kernel process initialization done.
# Allocation: Simulator allocated 45733 kB (elbread=21735 elab2=21662 kernel=2335 sdf=0)
# KERNEL: ----------------------------------------------------------------
# KERNEL: UVM-1.1  d
# KERNEL: (C) 2007-2013 Mentor Graphics Corporation
# KERNEL: (C) 2007-2013 Cadence Design Systems, Inc.
# KERNEL: (C) 2006-2013 Synopsys, Inc.
# KERNEL: (C) 2011-2013 Cypress Semiconductor Corp.
# KERNEL: ----------------------------------------------------------------
# KERNEL: 
# KERNEL:   ***********       IMPORTANT RELEASE NOTES         ************
# KERNEL: 
# KERNEL:   You are using a version of the UVM library that has been compiled
# KERNEL:   with `UVM_NO_DEPRECATED undefined.
# KERNEL:   See http://www.eda.org/svdb/view.php?id=3313 for more details.
# KERNEL: 
# KERNEL:   You are using a version of the UVM library that has been compiled
# KERNEL:   with `UVM_OBJECT_MUST_HAVE_CONSTRUCTOR undefined.
# KERNEL:   See http://www.eda.org/svdb/view.php?id=3770 for more details.
# KERNEL: 
# KERNEL:       (Specify +UVM_NO_RELNOTES to turn off this notice)
# KERNEL: 
# KERNEL: Assertion failures tracking enabled, report enabled, unlimited, action Continue. Assertion passes tracking enabled, report disabled, unlimited.
# KERNEL: Cover tracking enabled, report enabled, action Continue. 
# KERNEL: ASDB file was created in location /home/student/Rajeswari/chap_2_corrected/ch2/throughout1/run/dataset.asdb
wave -rec sim:/* 
run -all;
# KERNEL: UVM_INFO @ 0: Go2UVM [Go2UVM ] RELNOTES
# KERNEL: 
# KERNEL: ----------------------------------------------------------------
# KERNEL: (C) 2004-2014 VerifWorks a venture of CVC Pvt Ltd. 
# KERNEL:  VW_Go2UVM Version 1.1d.5 (VerifWorks a venture of CVC Pvt Ltd http://www.verifworks.com )
# KERNEL: 
# KERNEL:   ***********       IMPORTANT RELEASE NOTES         ************
# KERNEL: 
# KERNEL:   You are using a version of the Go2UVM Package from VerifWorks a venture of CVC Pvt Ltd www.verifworks.com
# KERNEL:   See http://www.go2uvm.org for more details 
# KERNEL: 
# KERNEL: ----------------------------------------------------------------
# KERNEL: UVM_INFO @ 0: reporter [RNTST] Running test ...
# KERNEL: UVM_INFO /home/student/Rajeswari/chap_2_corrected/ch2/throughout1/uvm/UVM_ch3seqdelay.sv(36) @ 0.000 ns: Go2UVM [Go2UVM] Start of reset
# KERNEL: Warning: Cover 'cpAB' COMPLETED at time: 80ns (9 clk), ../dut/throughout1.sv(29), scope: throughout2.dut, start-time: 60ns (7 clk)
# KERNEL: UVM_INFO /home/student/Rajeswari/chap_2_corrected/ch2/throughout1/uvm/UVM_ch3seqdelay.sv(38) @ 190.000 ns: Go2UVM [Go2UVM] End of reset
# KERNEL: UVM_INFO @ 190.000 ns: Go2UVM [Go2UVM] Driving stimulus via UVM
# KERNEL: UVM_INFO /home/student/Rajeswari/chap_2_corrected/ch2/throughout1/uvm/UVM_ch3seqdelay.sv(43) @ 190.000 ns: Go2UVM [Go2UVM] Start of Test
# RUNTIME: Info: RUNTIME_0070 throughout1.sv (39): $stop called.
# KERNEL: Time: 205 ns,  Iteration: 1,  Instance: /throughout2,  Process: @ALWAYS#26_2@.
# KERNEL: Stopped at time 205 ns + 1.
quit
# VSIM: Simulation has finished.
