asim +access +rw  $UVMSIM +UVM_VERBOSITY=UVM_FULL
# ELBREAD: Elaboration process.
# ELBREAD: Warning: Module 'reqack_if' does not have a `timescale directive, but previous modules do.
# ELBREAD: Warning: Package 'uvm_pkg' does not have a `timescale directive, but previous modules do.
# ELBREAD: Warning: Package 'vw_go2uvm_pkg' does not have a `timescale directive, but previous modules do.
# ELBREAD: Warning: Package 'std' does not have a `timescale directive, but previous modules do.
# ELBREAD: Elaboration time 1.3 [s].
# KERNEL: Main thread initiated.
# KERNEL: Kernel process initialization phase.
# KERNEL: Time resolution set to 1ns.
# ELAB2: Elaboration final pass...
# KERNEL: PLI/VHPI kernel's engine initialization done.
# PLI: Loading library '/home/student/tools/eda/RVRA_2015.02/bin/libsystf.so'
# KERNEL: Info: Loading library:  /home/student/tools/eda/RVRA_2015.02/bin/uvm_1_1d_dpi
# ELAB2: Create instances ...
# ELAB2: Create instances complete.
# SLP: Started
# SLP: Elaboration phase ...
# SLP: Elaboration phase ... done : 0.5 [s]
# SLP: Generation phase ...
# SLP: Generation phase ... done : 0.5 [s]
# SLP: Finished : 1.0 [s]
# SLP: 0 primitives and 3 (60.00%) other processes in SLP
# SLP: 6 (0.02%) signals in SLP and 25 (0.09%) interface signals
# ELAB2: Elaboration final pass complete - time: 4.7 [s].
# KERNEL: SLP loading done - time: 0.0 [s].
# KERNEL: SLP simulation initialization done - time: 0.0 [s].
# KERNEL: Kernel process initialization done.
# Allocation: Simulator allocated 44706 kB (elbread=21735 elab2=20635 kernel=2335 sdf=0)
# KERNEL: ----------------------------------------------------------------
# KERNEL: UVM-1.1  d
# KERNEL: (C) 2007-2013 Mentor Graphics Corporation
# KERNEL: (C) 2007-2013 Cadence Design Systems, Inc.
# KERNEL: (C) 2006-2013 Synopsys, Inc.
# KERNEL: (C) 2011-2013 Cypress Semiconductor Corp.
# KERNEL: ----------------------------------------------------------------
# KERNEL: 
# KERNEL:   ***********       IMPORTANT RELEASE NOTES         ************
# KERNEL: 
# KERNEL:   You are using a version of the UVM library that has been compiled
# KERNEL:   with `UVM_NO_DEPRECATED undefined.
# KERNEL:   See http://www.eda.org/svdb/view.php?id=3313 for more details.
# KERNEL: 
# KERNEL:   You are using a version of the UVM library that has been compiled
# KERNEL:   with `UVM_OBJECT_MUST_HAVE_CONSTRUCTOR undefined.
# KERNEL:   See http://www.eda.org/svdb/view.php?id=3770 for more details.
# KERNEL: 
# KERNEL:       (Specify +UVM_NO_RELNOTES to turn off this notice)
# KERNEL: 
# KERNEL: Assertion failures tracking enabled, report enabled, unlimited, action Continue. Assertion passes tracking enabled, report disabled, unlimited.
# KERNEL: ASDB file was created in location /home/student/Rajeswari/chap_1_corrected/reqack/run/dataset.asdb
wave -rec sim:/* 
run -all;
# KERNEL: UVM_INFO @ 0: Go2UVM [Go2UVM ] RELNOTES
# KERNEL: 
# KERNEL: ----------------------------------------------------------------
# KERNEL: (C) 2004-2014 VerifWorks a venture of CVC Pvt Ltd. 
# KERNEL:  VW_Go2UVM Version 1.1d.5 (VerifWorks a venture of CVC Pvt Ltd http://www.verifworks.com )
# KERNEL: 
# KERNEL:   ***********       IMPORTANT RELEASE NOTES         ************
# KERNEL: 
# KERNEL:   You are using a version of the Go2UVM Package from VerifWorks a venture of CVC Pvt Ltd www.verifworks.com
# KERNEL:   See http://www.go2uvm.org for more details 
# KERNEL: 
# KERNEL: ----------------------------------------------------------------
# KERNEL: UVM_INFO @ 0: reporter [RNTST] Running test ...
# KERNEL: UVM_INFO /home/student/Rajeswari/chap_1_corrected/reqack/uvm/reqack.sv(36) @ 0.000 ns: Go2UVM [Go2UVM] start of RESET
# RUNTIME: Info: RUNTIME_0068 reqack.sv (37): $finish called.
# KERNEL: Time: 95 ns,  Iteration: 0,  Instance: /tb,  Process: @INITIAL#26_2@.
# KERNEL: stopped at time: 95 ns
# VSIM: Simulation has finished. There are no more test vectors to simulate.
quit
# VSIM: Simulation has finished.
